<?xml version="1.0" encoding="UTF-8"?>
<testsuite name="ru.netology.rest.PostmanEchoTest" tests="1" skipped="0" failures="0" errors="0" timestamp="2023-05-28T16:22:39" hostname="olga-Victus-by-HP-Laptop-16-e0xxx" time="2.556">
  <properties/>
  <testcase name="ReturnSendData()" classname="ru.netology.rest.PostmanEchoTest" time="2.556"/>
  <system-out><![CDATA[]]></system-out>
  <system-err><![CDATA[]]></system-err>
</testsuite>
